# JRE version: OpenJDK Runtime Environment (8.0_112-b06) (build 1.8.0_112-release-b06)
# Java VM: OpenJDK 64-Bit Server VM (25.112-b06 mixed mode windows-amd64 compressed oops)
Heap:
 PSYoungGen      total 411648K, used 42298K [0x00000000e0000000, 0x00000000ff100000, 0x0000000100000000)
  eden space 310784K, 0% used [0x00000000e0000000,0x00000000e0000000,0x00000000f2f80000)
  from space 100864K, 41% used [0x00000000f8d00000,0x00000000fb64ea50,0x00000000fef80000)
  to   space 95744K, 0% used [0x00000000f2f80000,0x00000000f2f80000,0x00000000f8d00000)
 ParOldGen       total 712704K, used 670787K [0x00000000a0000000, 0x00000000cb800000, 0x00000000e0000000)
  object space 712704K, 94% used [0x00000000a0000000,0x00000000c8f10e88,0x00000000cb800000)
 Metaspace       used 114869K, capacity 124571K, committed 127576K, reserved 1161216K
  class space    used 14444K, capacity 15798K, committed 16512K, reserved 1048576K
GC Heap History (10 events):
Event: 11169.536 GC heap after
Heap after GC invocations=291 (full 23):
 PSYoungGen      total 404480K, used 63476K [0x00000000e0000000, 0x0000000100000000, 0x0000000100000000)
  eden space 284672K, 0% used [0x00000000e0000000,0x00000000e0000000,0x00000000f1600000)
  from space 119808K, 52% used [0x00000000f8b00000,0x00000000fc8fd200,0x0000000100000000)
  to   space 119808K, 0% used [0x00000000f1600000,0x00000000f1600000,0x00000000f8b00000)
 ParOldGen       total 712704K, used 529192K [0x00000000a0000000, 0x00000000cb800000, 0x00000000e0000000)
  object space 712704K, 74% used [0x00000000a0000000,0x00000000c04ca2f0,0x00000000cb800000)
 Metaspace       used 114868K, capacity 124571K, committed 127576K, reserved 1161216K
  class space    used 14444K, capacity 15798K, committed 16512K, reserved 1048576K
}
Event: 11169.963 GC heap before
{Heap before GC invocations=292 (full 23):
 PSYoungGen      total 404480K, used 348148K [0x00000000e0000000, 0x0000000100000000, 0x0000000100000000)
  eden space 284672K, 100% used [0x00000000e0000000,0x00000000f1600000,0x00000000f1600000)
  from space 119808K, 52% used [0x00000000f8b00000,0x00000000fc8fd200,0x0000000100000000)
  to   space 119808K, 0% used [0x00000000f1600000,0x00000000f1600000,0x00000000f8b00000)
 ParOldGen       total 712704K, used 529192K [0x00000000a0000000, 0x00000000cb800000, 0x00000000e0000000)
  object space 712704K, 74% used [0x00000000a0000000,0x00000000c04ca2f0,0x00000000cb800000)
 Metaspace       used 114868K, capacity 124571K, committed 127576K, reserved 1161216K
  class space    used 14444K, capacity 15798K, committed 16512K, reserved 1048576K
Event: 11170.043 GC heap after
Heap after GC invocations=292 (full 23):
 PSYoungGen      total 330240K, used 45196K [0x00000000e0000000, 0x00000000ff200000, 0x0000000100000000)
  eden space 284672K, 0% used [0x00000000e0000000,0x00000000e0000000,0x00000000f1600000)
  from space 45568K, 99% used [0x00000000f1600000,0x00000000f42230d8,0x00000000f4280000)
  to   space 112640K, 0% used [0x00000000f8400000,0x00000000f8400000,0x00000000ff200000)
 ParOldGen       total 712704K, used 558573K [0x00000000a0000000, 0x00000000cb800000, 0x00000000e0000000)
  object space 712704K, 78% used [0x00000000a0000000,0x00000000c217b650,0x00000000cb800000)
 Metaspace       used 114868K, capacity 124571K, committed 127576K, reserved 1161216K
  class space    used 14444K, capacity 15798K, committed 16512K, reserved 1048576K
}
Event: 11170.356 GC heap before
{Heap before GC invocations=293 (full 23):
 PSYoungGen      total 330240K, used 329868K [0x00000000e0000000, 0x00000000ff200000, 0x0000000100000000)
  eden space 284672K, 100% used [0x00000000e0000000,0x00000000f1600000,0x00000000f1600000)
  from space 45568K, 99% used [0x00000000f1600000,0x00000000f42230d8,0x00000000f4280000)
  to   space 112640K, 0% used [0x00000000f8400000,0x00000000f8400000,0x00000000ff200000)
 ParOldGen       total 712704K, used 558573K [0x00000000a0000000, 0x00000000cb800000, 0x00000000e0000000)
  object space 712704K, 78% used [0x00000000a0000000,0x00000000c217b650,0x00000000cb800000)
 Metaspace       used 114868K, capacity 124571K, committed 127576K, reserved 1161216K
  class space    used 14444K, capacity 15798K, committed 16512K, reserved 1048576K
Event: 11170.442 GC heap after
Heap after GC invocations=293 (full 23):
 PSYoungGen      total 403968K, used 45149K [0x00000000e0000000, 0x0000000100000000, 0x0000000100000000)
  eden space 291328K, 0% used [0x00000000e0000000,0x00000000e0000000,0x00000000f1c80000)
  from space 112640K, 40% used [0x00000000f8400000,0x00000000fb0176b8,0x00000000ff200000)
  to   space 105984K, 0% used [0x00000000f1c80000,0x00000000f1c80000,0x00000000f8400000)
 ParOldGen       total 712704K, used 597515K [0x00000000a0000000, 0x00000000cb800000, 0x00000000e0000000)
  object space 712704K, 83% used [0x00000000a0000000,0x00000000c4782e50,0x00000000cb800000)
 Metaspace       used 114868K, capacity 124571K, committed 127576K, reserved 1161216K
  class space    used 14444K, capacity 15798K, committed 16512K, reserved 1048576K
}
Event: 11170.816 GC heap before
{Heap before GC invocations=294 (full 23):
 PSYoungGen      total 403968K, used 336477K [0x00000000e0000000, 0x0000000100000000, 0x0000000100000000)
  eden space 291328K, 100% used [0x00000000e0000000,0x00000000f1c80000,0x00000000f1c80000)
  from space 112640K, 40% used [0x00000000f8400000,0x00000000fb0176b8,0x00000000ff200000)
  to   space 105984K, 0% used [0x00000000f1c80000,0x00000000f1c80000,0x00000000f8400000)
 ParOldGen       total 712704K, used 597515K [0x00000000a0000000, 0x00000000cb800000, 0x00000000e0000000)
  object space 712704K, 83% used [0x00000000a0000000,0x00000000c4782e50,0x00000000cb800000)
 Metaspace       used 114869K, capacity 124571K, committed 127576K, reserved 1161216K
  class space    used 14444K, capacity 15798K, committed 16512K, reserved 1048576K
Event: 11170.895 GC heap after
Heap after GC invocations=294 (full 23):
 PSYoungGen      total 397312K, used 38695K [0x00000000e0000000, 0x00000000fef80000, 0x0000000100000000)
  eden space 291328K, 0% used [0x00000000e0000000,0x00000000e0000000,0x00000000f1c80000)
  from space 105984K, 36% used [0x00000000f1c80000,0x00000000f4249e10,0x00000000f8400000)
  to   space 100864K, 0% used [0x00000000f8d00000,0x00000000f8d00000,0x00000000fef80000)
 ParOldGen       total 712704K, used 634153K [0x00000000a0000000, 0x00000000cb800000, 0x00000000e0000000)
  object space 712704K, 88% used [0x00000000a0000000,0x00000000c6b4a410,0x00000000cb800000)
 Metaspace       used 114869K, capacity 124571K, committed 127576K, reserved 1161216K
  class space    used 14444K, capacity 15798K, committed 16512K, reserved 1048576K
}
Event: 11171.260 GC heap before
{Heap before GC invocations=295 (full 23):
 PSYoungGen      total 397312K, used 330023K [0x00000000e0000000, 0x00000000fef80000, 0x0000000100000000)
  eden space 291328K, 100% used [0x00000000e0000000,0x00000000f1c80000,0x00000000f1c80000)
  from space 105984K, 36% used [0x00000000f1c80000,0x00000000f4249e10,0x00000000f8400000)
  to   space 100864K, 0% used [0x00000000f8d00000,0x00000000f8d00000,0x00000000fef80000)
 ParOldGen       total 712704K, used 634153K [0x00000000a0000000, 0x00000000cb800000, 0x00000000e0000000)
  object space 712704K, 88% used [0x00000000a0000000,0x00000000c6b4a410,0x00000000cb800000)
 Metaspace       used 114869K, capacity 124571K, committed 127576K, reserved 1161216K
  class space    used 14444K, capacity 15798K, committed 16512K, reserved 1048576K
Event: 11171.341 GC heap after
Heap after GC invocations=295 (full 23):
 PSYoungGen      total 411648K, used 42298K [0x00000000e0000000, 0x00000000ff100000, 0x0000000100000000)
  eden space 310784K, 0% used [0x00000000e0000000,0x00000000e0000000,0x00000000f2f80000)
  from space 100864K, 41% used [0x00000000f8d00000,0x00000000fb64ea50,0x00000000fef80000)
  to   space 95744K, 0% used [0x00000000f2f80000,0x00000000f2f80000,0x00000000f8d00000)
 ParOldGen       total 712704K, used 670787K [0x00000000a0000000, 0x00000000cb800000, 0x00000000e0000000)
  object space 712704K, 94% used [0x00000000a0000000,0x00000000c8f10e88,0x00000000cb800000)
 Metaspace       used 114869K, capacity 124571K, committed 127576K, reserved 1161216K
  class space    used 14444K, capacity 15798K, committed 16512K, reserved 1048576K
}
Event: 11171.341 GC heap before
{Heap before GC invocations=296 (full 24):
 PSYoungGen      total 411648K, used 42298K [0x00000000e0000000, 0x00000000ff100000, 0x0000000100000000)
  eden space 310784K, 0% used [0x00000000e0000000,0x00000000e0000000,0x00000000f2f80000)
  from space 100864K, 41% used [0x00000000f8d00000,0x00000000fb64ea50,0x00000000fef80000)
  to   space 95744K, 0% used [0x00000000f2f80000,0x00000000f2f80000,0x00000000f8d00000)
 ParOldGen       total 712704K, used 670787K [0x00000000a0000000, 0x00000000cb800000, 0x00000000e0000000)
  object space 712704K, 94% used [0x00000000a0000000,0x00000000c8f10e88,0x00000000cb800000)
 Metaspace       used 114869K, capacity 124571K, committed 127576K, reserved 1161216K
  class space    used 14444K, capacity 15798K, committed 16512K, reserved 1048576K

