# JRE version: OpenJDK Runtime Environment (8.0_112-b06) (build 1.8.0_112-release-b06)
# Java VM: OpenJDK 64-Bit Server VM (25.112-b06 mixed mode windows-amd64 compressed oops)
Heap:
 PSYoungGen      total 406016K, used 306688K [0x00000000e0000000, 0x00000000fee80000, 0x0000000100000000)
  eden space 306688K, 100% used [0x00000000e0000000,0x00000000f2b80000,0x00000000f2b80000)
  from space 99328K, 0% used [0x00000000f8d80000,0x00000000f8d80000,0x00000000fee80000)
  to   space 99840K, 0% used [0x00000000f2b80000,0x00000000f2b80000,0x00000000f8d00000)
 ParOldGen       total 1048576K, used 1048568K [0x00000000a0000000, 0x00000000e0000000, 0x00000000e0000000)
  object space 1048576K, 99% used [0x00000000a0000000,0x00000000dfffe388,0x00000000e0000000)
 Metaspace       used 108961K, capacity 114642K, committed 114944K, reserved 1150976K
  class space    used 12497K, capacity 13443K, committed 13568K, reserved 1048576K
GC Heap History (10 events):
Event: 6917.229 GC heap after
Heap after GC invocations=425 (full 22):
 PSYoungGen      total 398848K, used 37982K [0x00000000e0000000, 0x00000000ff280000, 0x0000000100000000)
  eden space 287232K, 0% used [0x00000000e0000000,0x00000000e0000000,0x00000000f1880000)
  from space 111616K, 34% used [0x00000000f8580000,0x00000000faa97be0,0x00000000ff280000)
  to   space 111616K, 0% used [0x00000000f1880000,0x00000000f1880000,0x00000000f8580000)
 ParOldGen       total 1048576K, used 940014K [0x00000000a0000000, 0x00000000e0000000, 0x00000000e0000000)
  object space 1048576K, 89% used [0x00000000a0000000,0x00000000d95fbb60,0x00000000e0000000)
 Metaspace       used 108964K, capacity 114654K, committed 114944K, reserved 1150976K
  class space    used 12499K, capacity 13445K, committed 13568K, reserved 1048576K
}
Event: 6917.629 GC heap before
{Heap before GC invocations=426 (full 22):
 PSYoungGen      total 398848K, used 325214K [0x00000000e0000000, 0x00000000ff280000, 0x0000000100000000)
  eden space 287232K, 100% used [0x00000000e0000000,0x00000000f1880000,0x00000000f1880000)
  from space 111616K, 34% used [0x00000000f8580000,0x00000000faa97be0,0x00000000ff280000)
  to   space 111616K, 0% used [0x00000000f1880000,0x00000000f1880000,0x00000000f8580000)
 ParOldGen       total 1048576K, used 940014K [0x00000000a0000000, 0x00000000e0000000, 0x00000000e0000000)
  object space 1048576K, 89% used [0x00000000a0000000,0x00000000d95fbb60,0x00000000e0000000)
 Metaspace       used 108964K, capacity 114654K, committed 114944K, reserved 1150976K
  class space    used 12499K, capacity 13445K, committed 13568K, reserved 1048576K
Event: 6917.717 GC heap after
Heap after GC invocations=426 (full 22):
 PSYoungGen      total 398848K, used 38286K [0x00000000e0000000, 0x00000000ff500000, 0x0000000100000000)
  eden space 287232K, 0% used [0x00000000e0000000,0x00000000e0000000,0x00000000f1880000)
  from space 111616K, 34% used [0x00000000f1880000,0x00000000f3de39b8,0x00000000f8580000)
  to   space 105984K, 0% used [0x00000000f8d80000,0x00000000f8d80000,0x00000000ff500000)
 ParOldGen       total 1048576K, used 974115K [0x00000000a0000000, 0x00000000e0000000, 0x00000000e0000000)
  object space 1048576K, 92% used [0x00000000a0000000,0x00000000db748e18,0x00000000e0000000)
 Metaspace       used 108964K, capacity 114654K, committed 114944K, reserved 1150976K
  class space    used 12499K, capacity 13445K, committed 13568K, reserved 1048576K
}
Event: 6918.022 GC heap before
{Heap before GC invocations=427 (full 22):
 PSYoungGen      total 398848K, used 325518K [0x00000000e0000000, 0x00000000ff500000, 0x0000000100000000)
  eden space 287232K, 100% used [0x00000000e0000000,0x00000000f1880000,0x00000000f1880000)
  from space 111616K, 34% used [0x00000000f1880000,0x00000000f3de39b8,0x00000000f8580000)
  to   space 105984K, 0% used [0x00000000f8d80000,0x00000000f8d80000,0x00000000ff500000)
 ParOldGen       total 1048576K, used 974115K [0x00000000a0000000, 0x00000000e0000000, 0x00000000e0000000)
  object space 1048576K, 92% used [0x00000000a0000000,0x00000000db748e18,0x00000000e0000000)
 Metaspace       used 108964K, capacity 114654K, committed 114944K, reserved 1150976K
  class space    used 12499K, capacity 13445K, committed 13568K, reserved 1048576K
Event: 6918.111 GC heap after
Heap after GC invocations=427 (full 22):
 PSYoungGen      total 406016K, used 42072K [0x00000000e0000000, 0x00000000fee80000, 0x0000000100000000)
  eden space 306688K, 0% used [0x00000000e0000000,0x00000000e0000000,0x00000000f2b80000)
  from space 99328K, 42% used [0x00000000f8d80000,0x00000000fb696278,0x00000000fee80000)
  to   space 99840K, 0% used [0x00000000f2b80000,0x00000000f2b80000,0x00000000f8d00000)
 ParOldGen       total 1048576K, used 1011271K [0x00000000a0000000, 0x00000000e0000000, 0x00000000e0000000)
  object space 1048576K, 96% used [0x00000000a0000000,0x00000000ddb91fc8,0x00000000e0000000)
 Metaspace       used 108964K, capacity 114654K, committed 114944K, reserved 1150976K
  class space    used 12499K, capacity 13445K, committed 13568K, reserved 1048576K
}
Event: 6918.111 GC heap before
{Heap before GC invocations=428 (full 23):
 PSYoungGen      total 406016K, used 42072K [0x00000000e0000000, 0x00000000fee80000, 0x0000000100000000)
  eden space 306688K, 0% used [0x00000000e0000000,0x00000000e0000000,0x00000000f2b80000)
  from space 99328K, 42% used [0x00000000f8d80000,0x00000000fb696278,0x00000000fee80000)
  to   space 99840K, 0% used [0x00000000f2b80000,0x00000000f2b80000,0x00000000f8d00000)
 ParOldGen       total 1048576K, used 1011271K [0x00000000a0000000, 0x00000000e0000000, 0x00000000e0000000)
  object space 1048576K, 96% used [0x00000000a0000000,0x00000000ddb91fc8,0x00000000e0000000)
 Metaspace       used 108964K, capacity 114654K, committed 114944K, reserved 1150976K
  class space    used 12499K, capacity 13445K, committed 13568K, reserved 1048576K
Event: 6924.671 GC heap after
Heap after GC invocations=428 (full 23):
 PSYoungGen      total 406016K, used 0K [0x00000000e0000000, 0x00000000fee80000, 0x0000000100000000)
  eden space 306688K, 0% used [0x00000000e0000000,0x00000000e0000000,0x00000000f2b80000)
  from space 99328K, 0% used [0x00000000f8d80000,0x00000000f8d80000,0x00000000fee80000)
  to   space 99840K, 0% used [0x00000000f2b80000,0x00000000f2b80000,0x00000000f8d00000)
 ParOldGen       total 1048576K, used 1016299K [0x00000000a0000000, 0x00000000e0000000, 0x00000000e0000000)
  object space 1048576K, 96% used [0x00000000a0000000,0x00000000de07ac38,0x00000000e0000000)
 Metaspace       used 108964K, capacity 114654K, committed 114944K, reserved 1150976K
  class space    used 12499K, capacity 13445K, committed 13568K, reserved 1048576K
}
Event: 6925.000 GC heap before
{Heap before GC invocations=429 (full 24):
 PSYoungGen      total 406016K, used 306688K [0x00000000e0000000, 0x00000000fee80000, 0x0000000100000000)
  eden space 306688K, 100% used [0x00000000e0000000,0x00000000f2b80000,0x00000000f2b80000)
  from space 99328K, 0% used [0x00000000f8d80000,0x00000000f8d80000,0x00000000fee80000)
  to   space 99840K, 0% used [0x00000000f2b80000,0x00000000f2b80000,0x00000000f8d00000)
 ParOldGen       total 1048576K, used 1016299K [0x00000000a0000000, 0x00000000e0000000, 0x00000000e0000000)
  object space 1048576K, 96% used [0x00000000a0000000,0x00000000de07ac38,0x00000000e0000000)
 Metaspace       used 108964K, capacity 114654K, committed 114944K, reserved 1150976K
  class space    used 12499K, capacity 13445K, committed 13568K, reserved 1048576K
Event: 6931.372 GC heap after
Heap after GC invocations=429 (full 24):
 PSYoungGen      total 406016K, used 15554K [0x00000000e0000000, 0x00000000fee80000, 0x0000000100000000)
  eden space 306688K, 5% used [0x00000000e0000000,0x00000000e0f30890,0x00000000f2b80000)
  from space 99328K, 0% used [0x00000000f8d80000,0x00000000f8d80000,0x00000000fee80000)
  to   space 99840K, 0% used [0x00000000f2b80000,0x00000000f2b80000,0x00000000f8d00000)
 ParOldGen       total 1048576K, used 1048568K [0x00000000a0000000, 0x00000000e0000000, 0x00000000e0000000)
  object space 1048576K, 99% used [0x00000000a0000000,0x00000000dfffe388,0x00000000e0000000)
 Metaspace       used 108960K, capacity 114642K, committed 114944K, reserved 1150976K
  class space    used 12497K, capacity 13443K, committed 13568K, reserved 1048576K
}
Event: 6931.729 GC heap before
{Heap before GC invocations=430 (full 25):
 PSYoungGen      total 406016K, used 306688K [0x00000000e0000000, 0x00000000fee80000, 0x0000000100000000)
  eden space 306688K, 100% used [0x00000000e0000000,0x00000000f2b80000,0x00000000f2b80000)
  from space 99328K, 0% used [0x00000000f8d80000,0x00000000f8d80000,0x00000000fee80000)
  to   space 99840K, 0% used [0x00000000f2b80000,0x00000000f2b80000,0x00000000f8d00000)
 ParOldGen       total 1048576K, used 1048568K [0x00000000a0000000, 0x00000000e0000000, 0x00000000e0000000)
  object space 1048576K, 99% used [0x00000000a0000000,0x00000000dfffe388,0x00000000e0000000)
 Metaspace       used 108961K, capacity 114642K, committed 114944K, reserved 1150976K
  class space    used 12497K, capacity 13443K, committed 13568K, reserved 1048576K

