# JRE version: OpenJDK Runtime Environment (8.0_112-b06) (build 1.8.0_112-release-b06)
# Java VM: OpenJDK 64-Bit Server VM (25.112-b06 mixed mode windows-amd64 compressed oops)
Heap:
 PSYoungGen      total 440320K, used 25657K [0x00000000e0000000, 0x00000000ffb80000, 0x0000000100000000)
  eden space 359936K, 0% used [0x00000000e0000000,0x00000000e0000000,0x00000000f5f80000)
  from space 80384K, 31% used [0x00000000fad00000,0x00000000fc60e680,0x00000000ffb80000)
  to   space 79360K, 0% used [0x00000000f5f80000,0x00000000f5f80000,0x00000000fad00000)
 ParOldGen       total 221184K, used 193515K [0x00000000a0000000, 0x00000000ad800000, 0x00000000e0000000)
  object space 221184K, 87% used [0x00000000a0000000,0x00000000abcfafc0,0x00000000ad800000)
 Metaspace       used 90868K, capacity 98374K, committed 98496K, reserved 1134592K
  class space    used 11627K, capacity 12970K, committed 13016K, reserved 1048576K
GC Heap History (10 events):
Event: 2540.612 GC heap after
Heap after GC invocations=55 (full 3):
 PSYoungGen      total 435712K, used 2696K [0x00000000e0000000, 0x00000000ffd00000, 0x0000000100000000)
  eden space 353280K, 0% used [0x00000000e0000000,0x00000000e0000000,0x00000000f5900000)
  from space 82432K, 3% used [0x00000000fac80000,0x00000000faf223b8,0x00000000ffd00000)
  to   space 83968K, 0% used [0x00000000f5900000,0x00000000f5900000,0x00000000fab00000)
 ParOldGen       total 221184K, used 159290K [0x00000000a0000000, 0x00000000ad800000, 0x00000000e0000000)
  object space 221184K, 72% used [0x00000000a0000000,0x00000000a9b8e8b0,0x00000000ad800000)
 Metaspace       used 87345K, capacity 94860K, committed 95192K, reserved 1132544K
  class space    used 11326K, capacity 12659K, committed 12760K, reserved 1048576K
}
Event: 2554.603 GC heap before
{Heap before GC invocations=56 (full 3):
 PSYoungGen      total 435712K, used 355976K [0x00000000e0000000, 0x00000000ffd00000, 0x0000000100000000)
  eden space 353280K, 100% used [0x00000000e0000000,0x00000000f5900000,0x00000000f5900000)
  from space 82432K, 3% used [0x00000000fac80000,0x00000000faf223b8,0x00000000ffd00000)
  to   space 83968K, 0% used [0x00000000f5900000,0x00000000f5900000,0x00000000fab00000)
 ParOldGen       total 221184K, used 159290K [0x00000000a0000000, 0x00000000ad800000, 0x00000000e0000000)
  object space 221184K, 72% used [0x00000000a0000000,0x00000000a9b8e8b0,0x00000000ad800000)
 Metaspace       used 87861K, capacity 95396K, committed 95448K, reserved 1132544K
  class space    used 11373K, capacity 12731K, committed 12760K, reserved 1048576K
Event: 2554.610 GC heap after
Heap after GC invocations=56 (full 3):
 PSYoungGen      total 437248K, used 4921K [0x00000000e0000000, 0x00000000ffc80000, 0x0000000100000000)
  eden space 353280K, 0% used [0x00000000e0000000,0x00000000e0000000,0x00000000f5900000)
  from space 83968K, 5% used [0x00000000f5900000,0x00000000f5dce6e0,0x00000000fab00000)
  to   space 81408K, 0% used [0x00000000fad00000,0x00000000fad00000,0x00000000ffc80000)
 ParOldGen       total 221184K, used 160362K [0x00000000a0000000, 0x00000000ad800000, 0x00000000e0000000)
  object space 221184K, 72% used [0x00000000a0000000,0x00000000a9c9aac8,0x00000000ad800000)
 Metaspace       used 87861K, capacity 95396K, committed 95448K, reserved 1132544K
  class space    used 11373K, capacity 12731K, committed 12760K, reserved 1048576K
}
Event: 2570.015 GC heap before
{Heap before GC invocations=57 (full 3):
 PSYoungGen      total 437248K, used 358201K [0x00000000e0000000, 0x00000000ffc80000, 0x0000000100000000)
  eden space 353280K, 100% used [0x00000000e0000000,0x00000000f5900000,0x00000000f5900000)
  from space 83968K, 5% used [0x00000000f5900000,0x00000000f5dce6e0,0x00000000fab00000)
  to   space 81408K, 0% used [0x00000000fad00000,0x00000000fad00000,0x00000000ffc80000)
 ParOldGen       total 221184K, used 160362K [0x00000000a0000000, 0x00000000ad800000, 0x00000000e0000000)
  object space 221184K, 72% used [0x00000000a0000000,0x00000000a9c9aac8,0x00000000ad800000)
 Metaspace       used 88008K, capacity 95524K, committed 95704K, reserved 1132544K
  class space    used 11395K, capacity 12731K, committed 12760K, reserved 1048576K
Event: 2570.023 GC heap after
Heap after GC invocations=57 (full 3):
 PSYoungGen      total 435200K, used 7016K [0x00000000e0000000, 0x00000000ff780000, 0x0000000100000000)
  eden space 358912K, 0% used [0x00000000e0000000,0x00000000e0000000,0x00000000f5e80000)
  from space 76288K, 9% used [0x00000000fad00000,0x00000000fb3da0a0,0x00000000ff780000)
  to   space 78336K, 0% used [0x00000000f5e80000,0x00000000f5e80000,0x00000000fab00000)
 ParOldGen       total 221184K, used 160474K [0x00000000a0000000, 0x00000000ad800000, 0x00000000e0000000)
  object space 221184K, 72% used [0x00000000a0000000,0x00000000a9cb6ac8,0x00000000ad800000)
 Metaspace       used 88008K, capacity 95524K, committed 95704K, reserved 1132544K
  class space    used 11395K, capacity 12731K, committed 12760K, reserved 1048576K
}
Event: 2574.848 GC heap before
{Heap before GC invocations=58 (full 3):
 PSYoungGen      total 435200K, used 365928K [0x00000000e0000000, 0x00000000ff780000, 0x0000000100000000)
  eden space 358912K, 100% used [0x00000000e0000000,0x00000000f5e80000,0x00000000f5e80000)
  from space 76288K, 9% used [0x00000000fad00000,0x00000000fb3da0a0,0x00000000ff780000)
  to   space 78336K, 0% used [0x00000000f5e80000,0x00000000f5e80000,0x00000000fab00000)
 ParOldGen       total 221184K, used 160474K [0x00000000a0000000, 0x00000000ad800000, 0x00000000e0000000)
  object space 221184K, 72% used [0x00000000a0000000,0x00000000a9cb6ac8,0x00000000ad800000)
 Metaspace       used 90608K, capacity 98182K, committed 98264K, reserved 1134592K
  class space    used 11614K, capacity 12970K, committed 13016K, reserved 1048576K
Event: 2574.909 GC heap after
Heap after GC invocations=58 (full 3):
 PSYoungGen      total 437248K, used 54629K [0x00000000e0000000, 0x0000000100000000, 0x0000000100000000)
  eden space 358912K, 0% used [0x00000000e0000000,0x00000000e0000000,0x00000000f5e80000)
  from space 78336K, 69% used [0x00000000f5e80000,0x00000000f93d9418,0x00000000fab00000)
  to   space 84992K, 0% used [0x00000000fad00000,0x00000000fad00000,0x0000000100000000)
 ParOldGen       total 221184K, used 161490K [0x00000000a0000000, 0x00000000ad800000, 0x00000000e0000000)
  object space 221184K, 73% used [0x00000000a0000000,0x00000000a9db4ae8,0x00000000ad800000)
 Metaspace       used 90608K, capacity 98182K, committed 98264K, reserved 1134592K
  class space    used 11614K, capacity 12970K, committed 13016K, reserved 1048576K
}
Event: 2576.513 GC heap before
{Heap before GC invocations=59 (full 3):
 PSYoungGen      total 437248K, used 303361K [0x00000000e0000000, 0x0000000100000000, 0x0000000100000000)
  eden space 358912K, 69% used [0x00000000e0000000,0x00000000ef2e7200,0x00000000f5e80000)
  from space 78336K, 69% used [0x00000000f5e80000,0x00000000f93d9418,0x00000000fab00000)
  to   space 84992K, 0% used [0x00000000fad00000,0x00000000fad00000,0x0000000100000000)
 ParOldGen       total 221184K, used 161490K [0x00000000a0000000, 0x00000000ad800000, 0x00000000e0000000)
  object space 221184K, 73% used [0x00000000a0000000,0x00000000a9db4ae8,0x00000000ad800000)
 Metaspace       used 90868K, capacity 98374K, committed 98496K, reserved 1134592K
  class space    used 11627K, capacity 12970K, committed 13016K, reserved 1048576K
Event: 2576.584 GC heap after
Heap after GC invocations=59 (full 3):
 PSYoungGen      total 440320K, used 25657K [0x00000000e0000000, 0x00000000ffb80000, 0x0000000100000000)
  eden space 359936K, 0% used [0x00000000e0000000,0x00000000e0000000,0x00000000f5f80000)
  from space 80384K, 31% used [0x00000000fad00000,0x00000000fc60e680,0x00000000ffb80000)
  to   space 79360K, 0% used [0x00000000f5f80000,0x00000000f5f80000,0x00000000fad00000)
 ParOldGen       total 221184K, used 193515K [0x00000000a0000000, 0x00000000ad800000, 0x00000000e0000000)
  object space 221184K, 87% used [0x00000000a0000000,0x00000000abcfafc0,0x00000000ad800000)
 Metaspace       used 90868K, capacity 98374K, committed 98496K, reserved 1134592K
  class space    used 11627K, capacity 12970K, committed 13016K, reserved 1048576K
}
Event: 2576.584 GC heap before
{Heap before GC invocations=60 (full 4):
 PSYoungGen      total 440320K, used 25657K [0x00000000e0000000, 0x00000000ffb80000, 0x0000000100000000)
  eden space 359936K, 0% used [0x00000000e0000000,0x00000000e0000000,0x00000000f5f80000)
  from space 80384K, 31% used [0x00000000fad00000,0x00000000fc60e680,0x00000000ffb80000)
  to   space 79360K, 0% used [0x00000000f5f80000,0x00000000f5f80000,0x00000000fad00000)
 ParOldGen       total 221184K, used 193515K [0x00000000a0000000, 0x00000000ad800000, 0x00000000e0000000)
  object space 221184K, 87% used [0x00000000a0000000,0x00000000abcfafc0,0x00000000ad800000)
 Metaspace       used 90868K, capacity 98374K, committed 98496K, reserved 1134592K
  class space    used 11627K, capacity 12970K, committed 13016K, reserved 1048576K

